sc_main() enter
Looking up sfc_iarb_profile
Looking up sfc_mmu_profile
Looking up sfc_edb_profile
*************** Transmit Packet to Port ***************
Sending packet into BM (Src Port = 0)
Ingress Packet, port(0), len(2104)
bm_debug_lvl = 4
###### Starting Ingress Pipeline Processing ######
Looking up sfc_iarb_profile
Looking up sfc_mmu_profile
##### Starting Egress Pipeline Processing #####
Looking up sfc_mmu_profile
Looking up sfc_edb_profile
Egress Packet, port(0), len(2104):

Receiving packet from BM
Dst Port = 0
Dst Modid = 0
bmi_tx_pkt, itm (0x1), etm(0x11)
*************** Transmit Packet to Port ***************
Sending packet into BM (Src Port = 0)
Ingress Packet, port(0), len(2104)
bm_debug_lvl = 4
###### Starting Ingress Pipeline Processing ######
Looking up sfc_iarb_profile
Looking up sfc_mmu_profile
##### Starting Egress Pipeline Processing #####
Looking up sfc_mmu_profile
Looking up sfc_edb_profile
Egress Packet, port(0), len(2104):

Receiving packet from BM
Dst Port = 0
Dst Modid = 0
bmi_tx_pkt, itm (0x2), etm(0x12)
*************** Transmit Packet to Port ***************
Sending packet into BM (Src Port = 0)
Ingress Packet, port(0), len(2104)
bm_debug_lvl = 4
###### Starting Ingress Pipeline Processing ######
Looking up sfc_iarb_profile
Looking up sfc_mmu_profile
##### Starting Egress Pipeline Processing #####
Looking up sfc_mmu_profile
Looking up sfc_edb_profile
Egress Packet, port(0), len(2104):

Receiving packet from BM
Dst Port = 0
Dst Modid = 0
bmi_tx_pkt, itm (0x3), etm(0x13)
*************** Transmit Packet to Port ***************
Sending packet into BM (Src Port = 0)
Ingress Packet, port(0), len(2104)
bm_debug_lvl = 4
###### Starting Ingress Pipeline Processing ######
Looking up sfc_iarb_profile
Looking up sfc_mmu_profile
##### Starting Egress Pipeline Processing #####
Looking up sfc_mmu_profile
Looking up sfc_edb_profile
Egress Packet, port(0), len(2104):

Receiving packet from BM
Dst Port = 0
Dst Modid = 0
